<?xml version="1.0" encoding="UTF-8"?>
<!-- Generated by org.testng.reporters.JUnitReportReporter -->
<testsuite hostname="Venkat" failures="0" tests="2" name="com.store.test.ClassplusLoginTest" time="7.778" errors="0" timestamp="2021-10-29T12:01:54 IST" skipped="0">
  <testcase classname="com.store.test.ClassplusLoginTest" name="loginToSite" time="2.922"/>
  <system-out/>
  <testcase classname="com.store.test.ClassplusLoginTest" name="verifyOTP" time="4.856"/>
  <system-out/>
</testsuite> <!-- com.store.test.ClassplusLoginTest -->
